TN:
SF:src/app.js
FN:40,(anonymous_0)
FN:45,(anonymous_1)
FN:62,(anonymous_2)
FN:87,(anonymous_3)
FN:102,(anonymous_4)
FN:108,startApp
FN:119,(anonymous_6)
FN:129,(anonymous_7)
FN:135,(anonymous_8)
FNF:9
FNH:0
FNDA:0,(anonymous_0)
FNDA:0,(anonymous_1)
FNDA:0,(anonymous_2)
FNDA:0,(anonymous_3)
FNDA:0,(anonymous_4)
FNDA:0,startApp
FNDA:0,(anonymous_6)
FNDA:0,(anonymous_7)
FNDA:0,(anonymous_8)
DA:1,0
DA:2,0
DA:3,0
DA:4,0
DA:5,0
DA:6,0
DA:8,0
DA:9,0
DA:10,0
DA:11,0
DA:14,0
DA:23,0
DA:26,0
DA:27,0
DA:28,0
DA:29,0
DA:32,0
DA:37,0
DA:40,0
DA:41,0
DA:45,0
DA:46,0
DA:48,0
DA:49,0
DA:53,0
DA:54,0
DA:57,0
DA:62,0
DA:63,0
DA:65,0
DA:66,0
DA:67,0
DA:71,0
DA:74,0
DA:79,0
DA:80,0
DA:87,0
DA:88,0
DA:90,0
DA:91,0
DA:93,0
DA:94,0
DA:102,0
DA:103,0
DA:104,0
DA:109,0
DA:111,0
DA:112,0
DA:115,0
DA:116,0
DA:119,0
DA:120,0
DA:123,0
DA:124,0
DA:129,0
DA:130,0
DA:131,0
DA:132,0
DA:135,0
DA:136,0
DA:137,0
DA:138,0
DA:142,0
LF:63
LH:0
BRDA:48,0,0,0
BRDA:48,0,1,0
BRDA:53,1,0,0
BRDA:53,1,1,0
BRDA:53,2,0,0
BRDA:53,2,1,0
BRDA:53,2,2,0
BRDA:53,2,3,0
BRDA:66,3,0,0
BRDA:66,3,1,0
BRF:10
BRH:0
end_of_record
TN:
SF:src/config/config.js
FN:32,(anonymous_0)
FNF:1
FNH:1
FNDA:20,(anonymous_0)
DA:1,4
DA:24,4
DA:32,20
DA:34,4
DA:35,0
DA:38,4
LF:6
LH:5
BRDA:3,0,0,4
BRDA:3,0,1,4
BRDA:15,1,0,4
BRDA:15,1,1,4
BRDA:16,2,0,4
BRDA:16,2,1,4
BRDA:19,3,0,4
BRDA:19,3,1,4
BRDA:34,4,0,0
BRDA:34,4,1,4
BRF:10
BRH:9
end_of_record
TN:
SF:src/database/connection.js
FN:7,setupDatabase
FN:26,getPool
FN:33,query
FN:47,getClient
FN:52,closeDatabase
FNF:5
FNH:4
FNDA:5,setupDatabase
FNDA:150,getPool
FNDA:150,query
FNDA:0,getClient
FNDA:5,closeDatabase
DA:1,4
DA:2,4
DA:3,4
DA:5,4
DA:8,5
DA:9,5
DA:15,5
DA:16,5
DA:17,5
DA:19,5
DA:21,0
DA:22,0
DA:27,150
DA:28,0
DA:30,150
DA:34,150
DA:35,150
DA:36,150
DA:37,150
DA:38,150
DA:39,150
DA:40,150
DA:42,0
DA:43,0
DA:48,0
DA:49,0
DA:53,5
DA:54,4
DA:55,4
DA:56,4
DA:60,4
LF:31
LH:24
BRDA:11,0,0,0
BRDA:11,0,1,5
BRDA:27,1,0,0
BRDA:27,1,1,150
BRDA:53,2,0,4
BRDA:53,2,1,1
BRF:6
BRH:4
end_of_record
TN:
SF:src/database/migrate.js
FN:6,runMigrations
FN:10,(anonymous_1)
FN:34,migrate
FNF:3
FNH:0
FNDA:0,runMigrations
FNDA:0,(anonymous_1)
FNDA:0,migrate
DA:1,0
DA:2,0
DA:3,0
DA:4,0
DA:7,0
DA:8,0
DA:9,0
DA:10,0
DA:13,0
DA:15,0
DA:16,0
DA:17,0
DA:19,0
DA:20,0
DA:21,0
DA:24,0
DA:26,0
DA:27,0
DA:31,0
DA:32,0
DA:35,0
DA:36,0
DA:37,0
DA:38,0
DA:40,0
DA:41,0
DA:45,0
DA:48,0
LF:28
LH:0
BRDA:31,0,0,0
BRDA:31,0,1,0
BRF:2
BRH:0
end_of_record
TN:
SF:src/handlers/slackHandlers.js
FN:7,handleGrassCommand
FN:85,handleLeaderboardCommand
FNF:2
FNH:0
FNDA:0,handleGrassCommand
FNDA:0,handleLeaderboardCommand
DA:1,0
DA:2,0
DA:3,0
DA:4,0
DA:5,0
DA:8,0
DA:9,0
DA:12,0
DA:13,0
DA:18,0
DA:22,0
DA:23,0
DA:30,0
DA:33,0
DA:34,0
DA:35,0
DA:40,0
DA:44,0
DA:45,0
DA:54,0
DA:57,0
DA:60,0
DA:61,0
DA:63,0
DA:69,0
DA:71,0
DA:73,0
DA:74,0
DA:80,0
DA:86,0
DA:87,0
DA:88,0
DA:90,0
DA:95,0
DA:97,0
DA:98,0
DA:102,0
LF:37
LH:0
BRDA:12,0,0,0
BRDA:12,0,1,0
BRDA:12,1,0,0
BRDA:12,1,1,0
BRDA:26,2,0,0
BRDA:26,2,1,0
BRDA:26,2,2,0
BRDA:34,3,0,0
BRDA:34,3,1,0
BRDA:44,4,0,0
BRDA:44,4,1,0
BRDA:60,5,0,0
BRDA:60,5,1,0
BRDA:61,6,0,0
BRDA:61,6,1,0
BRF:15
BRH:0
end_of_record
TN:
SF:src/services/leaderboardService.js
FN:6,(anonymous_0)
FN:10,(anonymous_1)
FN:23,(anonymous_2)
FN:46,(anonymous_3)
FN:74,(anonymous_4)
FN:95,(anonymous_5)
FN:104,(anonymous_6)
FNF:7
FNH:5
FNDA:3,(anonymous_0)
FNDA:6,(anonymous_1)
FNDA:3,(anonymous_2)
FNDA:0,(anonymous_3)
FNDA:0,(anonymous_4)
FNDA:3,(anonymous_5)
FNDA:4,(anonymous_6)
DA:1,1
DA:2,1
DA:3,1
DA:7,3
DA:8,3
DA:10,6
DA:18,0
DA:19,0
DA:24,3
DA:25,3
DA:26,3
DA:27,1
DA:30,2
DA:31,2
DA:39,2
DA:41,0
DA:42,0
DA:47,0
DA:48,0
DA:49,0
DA:50,0
DA:53,0
DA:54,0
DA:56,0
DA:69,0
DA:70,0
DA:75,0
DA:76,0
DA:78,0
DA:84,0
DA:90,0
DA:91,0
DA:96,3
DA:97,1
DA:100,2
DA:102,2
DA:104,2
DA:105,4
DA:106,4
DA:107,4
DA:109,4
DA:112,2
DA:114,2
DA:118,1
LF:44
LH:25
BRDA:6,0,0,0
BRDA:12,1,0,6
BRDA:12,1,1,0
BRDA:26,2,0,1
BRDA:26,2,1,2
BRDA:49,3,0,0
BRDA:49,3,1,0
BRDA:58,4,0,0
BRDA:58,4,1,0
BRDA:87,5,0,0
BRDA:87,5,1,0
BRDA:96,6,0,1
BRDA:96,6,1,2
BRDA:105,7,0,4
BRDA:105,7,1,0
BRDA:106,8,0,2
BRDA:106,8,1,2
BRDA:107,9,0,2
BRDA:107,9,1,2
BRF:19
BRH:10
end_of_record
TN:
SF:src/services/photoService.js
FN:5,(anonymous_0)
FN:23,(anonymous_1)
FN:39,(anonymous_2)
FN:53,(anonymous_3)
FN:70,(anonymous_4)
FNF:5
FNH:4
FNDA:14,(anonymous_0)
FNDA:3,(anonymous_1)
FNDA:2,(anonymous_2)
FNDA:0,(anonymous_3)
FNDA:2,(anonymous_4)
DA:1,2
DA:2,2
DA:6,14
DA:8,14
DA:9,14
DA:15,14
DA:16,14
DA:18,0
DA:19,0
DA:24,3
DA:25,3
DA:32,3
DA:34,0
DA:35,0
DA:40,2
DA:41,2
DA:46,2
DA:48,0
DA:49,0
DA:54,0
DA:55,0
DA:63,0
DA:65,0
DA:66,0
DA:71,2
DA:72,2
DA:73,2
DA:75,0
DA:76,0
DA:81,2
LF:30
LH:17
BRDA:6,0,0,12
BRDA:23,1,0,2
BRDA:46,2,0,2
BRDA:46,2,1,1
BRDA:53,3,0,0
BRF:5
BRH:4
end_of_record
TN:
SF:src/services/userService.js
FN:5,(anonymous_0)
FN:29,(anonymous_1)
FN:43,(anonymous_2)
FN:66,(anonymous_3)
FN:76,(anonymous_4)
FNF:5
FNH:4
FNDA:31,(anonymous_0)
FNDA:5,(anonymous_1)
FNDA:18,(anonymous_2)
FNDA:0,(anonymous_3)
FNDA:5,(anonymous_4)
DA:1,3
DA:2,3
DA:6,31
DA:8,31
DA:10,31
DA:21,31
DA:22,31
DA:24,0
DA:25,0
DA:30,5
DA:31,5
DA:36,5
DA:38,0
DA:39,0
DA:44,18
DA:45,18
DA:54,18
DA:55,1
DA:58,17
DA:59,17
DA:61,1
DA:62,1
DA:67,0
DA:68,0
DA:69,0
DA:71,0
DA:72,0
DA:77,5
DA:78,5
DA:84,5
DA:86,0
DA:87,0
DA:92,3
LF:33
LH:22
BRDA:36,0,0,5
BRDA:36,0,1,2
BRDA:43,1,0,0
BRDA:54,2,0,1
BRDA:54,2,1,17
BRDA:76,3,0,0
BRF:6
BRH:4
end_of_record
TN:
SF:src/utils/logger.js
FNF:0
FNH:0
DA:1,4
DA:3,4
DA:18,4
DA:19,4
DA:27,4
LF:5
LH:5
BRDA:4,0,0,4
BRDA:4,0,1,4
BRDA:18,1,0,4
BRDA:18,1,1,0
BRF:4
BRH:3
end_of_record
